<?xml version="1.0" encoding="UTF-8"?>
<coverage generated="1659068078948" clover="3.2.0">
  <project timestamp="1659068078948" name="All files">
    <metrics statements="38" coveredstatements="24" conditionals="22" coveredconditionals="6" methods="3" coveredmethods="1" elements="63" coveredelements="31" complexity="0" loc="38" ncloc="38" packages="4" files="6" classes="6"/>
    <package name="lib">
      <metrics statements="3" coveredstatements="3" conditionals="0" coveredconditionals="0" methods="3" coveredmethods="1"/>
      <file name="index.ts" path="/home/derek/coding/sveltekit-shopkeep/src/lib/index.ts">
        <metrics statements="3" coveredstatements="3" conditionals="0" coveredconditionals="0" methods="3" coveredmethods="1"/>
        <line num="1" count="1" type="stmt"/>
        <line num="2" count="2" type="stmt"/>
        <line num="3" count="1" type="stmt"/>
      </file>
    </package>
    <package name="lib.components">
      <metrics statements="17" coveredstatements="11" conditionals="15" coveredconditionals="6" methods="0" coveredmethods="0"/>
      <file name="Button.svelte" path="/home/derek/coding/sveltekit-shopkeep/src/lib/components/Button.svelte">
        <metrics statements="14" coveredstatements="11" conditionals="15" coveredconditionals="6" methods="0" coveredmethods="0"/>
        <line num="5" count="1" type="stmt"/>
        <line num="6" count="1" type="cond" truecount="1" falsecount="0"/>
        <line num="7" count="1" type="stmt"/>
        <line num="8" count="1" type="cond" truecount="1" falsecount="0"/>
        <line num="9" count="1" type="cond" truecount="1" falsecount="0"/>
        <line num="10" count="1" type="stmt"/>
        <line num="26" count="1" type="cond" truecount="0" falsecount="4"/>
        <line num="27" count="1" type="cond" truecount="1" falsecount="0"/>
        <line num="28" count="1" type="cond" truecount="1" falsecount="1"/>
        <line num="29" count="0" type="stmt"/>
        <line num="31" count="1" type="cond" truecount="0" falsecount="3"/>
        <line num="32" count="1" type="cond" truecount="1" falsecount="1"/>
        <line num="33" count="0" type="stmt"/>
        <line num="35" count="0" type="stmt"/>
      </file>
      <file name="Icon.svelte" path="/home/derek/coding/sveltekit-shopkeep/src/lib/components/Icon.svelte">
        <metrics statements="3" coveredstatements="0" conditionals="0" coveredconditionals="0" methods="0" coveredmethods="0"/>
        <line num="1" count="0" type="stmt"/>
        <line num="4" count="0" type="stmt"/>
        <line num="5" count="0" type="stmt"/>
      </file>
    </package>
    <package name="lib.providers">
      <metrics statements="10" coveredstatements="2" conditionals="7" coveredconditionals="0" methods="0" coveredmethods="0"/>
      <file name="ShopkeepThemeProvider.svelte" path="/home/derek/coding/sveltekit-shopkeep/src/lib/providers/ShopkeepThemeProvider.svelte">
        <metrics statements="10" coveredstatements="2" conditionals="7" coveredconditionals="0" methods="0" coveredmethods="0"/>
        <line num="2" count="1" type="stmt"/>
        <line num="3" count="1" type="stmt"/>
        <line num="4" count="0" type="cond" truecount="0" falsecount="1"/>
        <line num="5" count="0" type="cond" truecount="0" falsecount="1"/>
        <line num="10" count="0" type="stmt"/>
        <line num="12" count="0" type="stmt"/>
        <line num="20" count="0" type="stmt"/>
        <line num="21" count="0" type="stmt"/>
        <line num="22" count="0" type="cond" truecount="0" falsecount="3"/>
        <line num="25" count="0" type="stmt"/>
      </file>
    </package>
    <package name="lib.themes">
      <metrics statements="8" coveredstatements="8" conditionals="0" coveredconditionals="0" methods="0" coveredmethods="0"/>
      <file name="green.ts" path="/home/derek/coding/sveltekit-shopkeep/src/lib/themes/green.ts">
        <metrics statements="4" coveredstatements="4" conditionals="0" coveredconditionals="0" methods="0" coveredmethods="0"/>
        <line num="1" count="1" type="stmt"/>
        <line num="18" count="1" type="stmt"/>
        <line num="19" count="1" type="stmt"/>
        <line num="21" count="1" type="stmt"/>
      </file>
      <file name="purple.ts" path="/home/derek/coding/sveltekit-shopkeep/src/lib/themes/purple.ts">
        <metrics statements="4" coveredstatements="4" conditionals="0" coveredconditionals="0" methods="0" coveredmethods="0"/>
        <line num="1" count="1" type="stmt"/>
        <line num="18" count="1" type="stmt"/>
        <line num="19" count="1" type="stmt"/>
        <line num="21" count="1" type="stmt"/>
      </file>
    </package>
  </project>
</coverage>
