{"/home/derek/coding/sveltekit-shopkeep/src/lib/index.ts": {"path":"/home/derek/coding/sveltekit-shopkeep/src/lib/index.ts","statementMap":{"0":{"start":{"line":1,"column":0},"end":{"line":1,"column":9}},"1":{"start":{"line":1,"column":9},"end":{"line":1,"column":41}},"2":{"start":{"line":2,"column":0},"end":{"line":2,"column":9}},"3":{"start":{"line":2,"column":9},"end":{"line":2,"column":26}},"4":{"start":{"line":3,"column":0},"end":{"line":3,"column":9}},"5":{"start":{"line":3,"column":9},"end":{"line":3,"column":24}}},"fnMap":{"0":{"name":"(anonymous_1)","decl":{"start":{"line":1,"column":9},"end":{"line":1,"column":16}},"loc":{"start":{"line":1,"column":9},"end":{"line":1,"column":41}}},"1":{"name":"(anonymous_2)","decl":{"start":{"line":2,"column":9},"end":{"line":2,"column":16}},"loc":{"start":{"line":2,"column":9},"end":{"line":2,"column":26}}},"2":{"name":"(anonymous_3)","decl":{"start":{"line":3,"column":9},"end":{"line":3,"column":16}},"loc":{"start":{"line":3,"column":9},"end":{"line":3,"column":24}}}},"branchMap":{},"s":{"0":1,"1":1,"2":1,"3":2,"4":1,"5":1},"f":{"0":0,"1":1,"2":0},"b":{}}
,"/home/derek/coding/sveltekit-shopkeep/src/lib/components/Button.svelte": {"path":"/home/derek/coding/sveltekit-shopkeep/src/lib/components/Button.svelte","statementMap":{"0":{"start":{"line":35,"column":7},"end":{"line":37,"column":null}},"1":{"start":{"line":28,"column":7},"end":{"line":28,"column":null}},"2":{"start":{"line":32,"column":7},"end":{"line":32,"column":null}},"3":{"start":{"line":31,"column":3},"end":{"line":31,"column":null}},"4":{"start":{"line":29,"column":27},"end":{"line":29,"column":null}},"5":{"start":{"line":33,"column":27},"end":{"line":33,"column":null}},"6":{"start":{"line":27,"column":7},"end":{"line":27,"column":null}},"7":{"start":{"line":27,"column":14},"end":{"line":27,"column":null}},"8":{"start":{"line":26,"column":37},"end":{"line":26,"column":null}},"9":{"start":{"line":26,"column":0},"end":{"line":38,"column":null}},"10":{"start":{"line":26,"column":18},"end":{"line":26,"column":37}},"11":{"start":{"line":5,"column":25},"end":{"line":5,"column":null}},"12":{"start":{"line":6,"column":30},"end":{"line":6,"column":null}},"13":{"start":{"line":7,"column":34},"end":{"line":7,"column":null}},"14":{"start":{"line":8,"column":70},"end":{"line":8,"column":null}},"15":{"start":{"line":9,"column":69},"end":{"line":9,"column":null}},"16":{"start":{"line":10,"column":24},"end":{"line":10,"column":29}}},"fnMap":{},"branchMap":{"0":{"loc":{"start":{"line":28,"column":7},"end":{"line":28,"column":null}},"type":"binary-expr","locations":[{"start":{"line":28,"column":7},"end":{"line":28,"column":null}},{"start":{"line":28,"column":17},"end":{"line":28,"column":null}}]},"1":{"loc":{"start":{"line":32,"column":7},"end":{"line":32,"column":null}},"type":"binary-expr","locations":[{"start":{"line":32,"column":7},"end":{"line":32,"column":null}},{"start":{"line":32,"column":16},"end":{"line":32,"column":null}}]},"2":{"loc":{"start":{"line":31,"column":3},"end":{"line":31,"column":null}},"type":"if","locations":[{"start":{"line":31,"column":3},"end":{"line":31,"column":null}}]},"3":{"loc":{"start":{"line":31,"column":3},"end":{"line":31,"column":8}},"type":"binary-expr","locations":[{"start":{"line":31,"column":3},"end":{"line":31,"column":8}},{"start":{"line":31,"column":3},"end":{"line":31,"column":8}}]},"4":{"loc":{"start":{"line":27,"column":7},"end":{"line":27,"column":null}},"type":"if","locations":[{"start":{"line":27,"column":7},"end":{"line":27,"column":null}}]},"5":{"loc":{"start":{"line":26,"column":18},"end":{"line":26,"column":37}},"type":"if","locations":[{"start":{"line":26,"column":18},"end":{"line":26,"column":37}}]},"6":{"loc":{"start":{"line":26,"column":37},"end":{"line":26,"column":null}},"type":"binary-expr","locations":[{"start":{"line":26,"column":37},"end":{"line":26,"column":41}},{"start":{"line":26,"column":37},"end":{"line":26,"column":41}},{"start":{"line":26,"column":37},"end":{"line":26,"column":null}}]},"7":{"loc":{"start":{"line":6,"column":12},"end":{"line":6,"column":30}},"type":"default-arg","locations":[{"start":{"line":6,"column":26},"end":{"line":6,"column":30}}]},"8":{"loc":{"start":{"line":8,"column":12},"end":{"line":8,"column":70}},"type":"default-arg","locations":[{"start":{"line":8,"column":61},"end":{"line":8,"column":70}}]},"9":{"loc":{"start":{"line":9,"column":12},"end":{"line":9,"column":69}},"type":"default-arg","locations":[{"start":{"line":9,"column":60},"end":{"line":9,"column":69}}]}},"s":{"0":0,"1":1,"2":1,"3":1,"4":0,"5":0,"6":1,"7":1,"8":1,"9":1,"10":0,"11":1,"12":1,"13":1,"14":1,"15":1,"16":1},"f":{},"b":{"0":[1,0],"1":[1,0],"2":[0],"3":[0,0],"4":[1],"5":[0],"6":[0,0,0],"7":[1],"8":[1],"9":[1]}}
,"/home/derek/coding/sveltekit-shopkeep/src/lib/components/Icon.svelte": {"path":"/home/derek/coding/sveltekit-shopkeep/src/lib/components/Icon.svelte","statementMap":{"0":{"start":{"line":4,"column":0},"end":{"line":9,"column":null}},"1":{"start":{"line":5,"column":1},"end":{"line":8,"column":null}},"2":{"start":{"line":1,"column":17},"end":{"line":1,"column":null}}},"fnMap":{},"branchMap":{},"s":{"0":0,"1":0,"2":0},"f":{},"b":{}}
,"/home/derek/coding/sveltekit-shopkeep/src/lib/providers/ShopkeepThemeProvider.svelte": {"path":"/home/derek/coding/sveltekit-shopkeep/src/lib/providers/ShopkeepThemeProvider.svelte","statementMap":{"0":{"start":{"line":2,"column":14},"end":{"line":2,"column":null}},"1":{"start":{"line":3,"column":13},"end":{"line":3,"column":null}},"2":{"start":{"line":22,"column":56},"end":{"line":22,"column":107}},"3":{"start":{"line":25,"column":41},"end":{"line":25,"column":66}},"4":{"start":{"line":20,"column":1},"end":{"line":20,"column":null}},"5":{"start":{"line":21,"column":1},"end":{"line":21,"column":null}},"6":{"start":{"line":22,"column":1},"end":{"line":22,"column":null}},"7":{"start":{"line":25,"column":0},"end":{"line":25,"column":null}},"8":{"start":{"line":4,"column":28},"end":{"line":4,"column":null}},"9":{"start":{"line":5,"column":31},"end":{"line":5,"column":null}},"10":{"start":{"line":10,"column":11},"end":{"line":10,"column":null}},"11":{"start":{"line":12,"column":11},"end":{"line":12,"column":null}}},"fnMap":{},"branchMap":{"0":{"loc":{"start":{"line":22,"column":56},"end":{"line":22,"column":107}},"type":"binary-expr","locations":[{"start":{"line":22,"column":56},"end":{"line":22,"column":60}},{"start":{"line":22,"column":56},"end":{"line":22,"column":60}},{"start":{"line":22,"column":56},"end":{"line":22,"column":107}}]},"1":{"loc":{"start":{"line":4,"column":12},"end":{"line":4,"column":28}},"type":"default-arg","locations":[{"start":{"line":4,"column":20},"end":{"line":4,"column":28}}]},"2":{"loc":{"start":{"line":5,"column":12},"end":{"line":5,"column":31}},"type":"default-arg","locations":[{"start":{"line":5,"column":19},"end":{"line":5,"column":31}}]},"3":{"loc":{"start":{"line":9,"column":8},"end":{"line":10,"column":null}},"type":"switch","locations":[{"start":{"line":9,"column":8},"end":{"line":10,"column":null}},{"start":{"line":11,"column":8},"end":{"line":12,"column":null}}]}},"s":{"0":1,"1":1,"2":0,"3":0,"4":0,"5":0,"6":0,"7":0,"8":0,"9":0,"10":0,"11":0},"f":{},"b":{"0":[0,0,0],"1":[0],"2":[0],"3":[0,0]}}
,"/home/derek/coding/sveltekit-shopkeep/src/lib/themes/green.ts": {"path":"/home/derek/coding/sveltekit-shopkeep/src/lib/themes/green.ts","statementMap":{"0":{"start":{"line":1,"column":15},"end":{"line":16,"column":2}},"1":{"start":{"line":18,"column":0},"end":{"line":18,"column":84}},"2":{"start":{"line":19,"column":0},"end":{"line":19,"column":95}},"3":{"start":{"line":21,"column":0},"end":{"line":21,"column":22}}},"fnMap":{},"branchMap":{},"s":{"0":1,"1":1,"2":1,"3":1},"f":{},"b":{}}
,"/home/derek/coding/sveltekit-shopkeep/src/lib/themes/purple.ts": {"path":"/home/derek/coding/sveltekit-shopkeep/src/lib/themes/purple.ts","statementMap":{"0":{"start":{"line":1,"column":15},"end":{"line":16,"column":2}},"1":{"start":{"line":18,"column":0},"end":{"line":18,"column":111}},"2":{"start":{"line":19,"column":0},"end":{"line":19,"column":113}},"3":{"start":{"line":21,"column":0},"end":{"line":21,"column":22}}},"fnMap":{},"branchMap":{},"s":{"0":1,"1":1,"2":1,"3":1},"f":{},"b":{}}
}
