TN:
SF:src/lib/index.ts
FN:1,(anonymous_1)
FN:2,(anonymous_2)
FN:3,(anonymous_3)
FNF:3
FNH:1
FNDA:0,(anonymous_1)
FNDA:1,(anonymous_2)
FNDA:0,(anonymous_3)
DA:1,1
DA:2,2
DA:3,1
LF:3
LH:3
BRF:0
BRH:0
end_of_record
TN:
SF:src/lib/components/Button.svelte
FNF:0
FNH:0
DA:5,1
DA:6,1
DA:7,1
DA:8,1
DA:9,1
DA:10,1
DA:26,1
DA:27,1
DA:28,1
DA:29,0
DA:31,1
DA:32,1
DA:33,0
DA:35,0
LF:14
LH:11
BRDA:28,0,0,1
BRDA:28,0,1,0
BRDA:32,1,0,1
BRDA:32,1,1,0
BRDA:31,2,0,0
BRDA:31,3,0,0
BRDA:31,3,1,0
BRDA:27,4,0,1
BRDA:26,5,0,0
BRDA:26,6,0,0
BRDA:26,6,1,0
BRDA:26,6,2,0
BRDA:6,7,0,1
BRDA:8,8,0,1
BRDA:9,9,0,1
BRF:15
BRH:6
end_of_record
TN:
SF:src/lib/components/Icon.svelte
FNF:0
FNH:0
DA:1,0
DA:4,0
DA:5,0
LF:3
LH:0
BRF:0
BRH:0
end_of_record
TN:
SF:src/lib/providers/ShopkeepThemeProvider.svelte
FNF:0
FNH:0
DA:2,1
DA:3,1
DA:4,0
DA:5,0
DA:10,0
DA:12,0
DA:20,0
DA:21,0
DA:22,0
DA:25,0
LF:10
LH:2
BRDA:22,0,0,0
BRDA:22,0,1,0
BRDA:22,0,2,0
BRDA:4,1,0,0
BRDA:5,2,0,0
BRDA:9,3,0,0
BRDA:9,3,1,0
BRF:7
BRH:0
end_of_record
TN:
SF:src/lib/themes/green.ts
FNF:0
FNH:0
DA:1,1
DA:18,1
DA:19,1
DA:21,1
LF:4
LH:4
BRF:0
BRH:0
end_of_record
TN:
SF:src/lib/themes/purple.ts
FNF:0
FNH:0
DA:1,1
DA:18,1
DA:19,1
DA:21,1
LF:4
LH:4
BRF:0
BRH:0
end_of_record
